Detecting C compiler ABI info failed to compile with the following output:
Change Dir: /Users/sunardi/Term8/Computational Fabrication/PA/A1/CMakeFiles/CMakeTmp

Run Build Command:"/opt/local/bin/cmakexbuild" "-project" "CMAKE_TRY_COMPILE.xcodeproj" "build" "-target" "cmTryCompileExec3637359197" "-configuration" "Debug"
2015-05-16 14:20:17.196 xcodebuild[4162:378597]  DVTAssertions: Warning in /SourceCache/DVTiOSFrameworks/DVTiOSFrameworks-7536/DTDeviceKitBase/DTDKRemoteDeviceDataListener.m:79
Details:  Running against an old version of MobileDevice; some interaction with proxied devices may be unavailable.
Object:   <DTDKRemoteDeviceDataListener: 0x7fef7457a910>
Method:   -listenerThreadImplementation
Thread:   <NSThread: 0x7fef7602a9e0>{number = 2, name = (null)}
Please file a bug at http://bugreport.apple.com with this warning message and any useful information you can provide.
=== BUILD TARGET cmTryCompileExec3637359197 OF PROJECT CMAKE_TRY_COMPILE WITH CONFIGURATION Debug ===

Check dependencies

Write auxiliary files
/bin/mkdir -p /Users/sunardi/Term8/Computational\ Fabrication/PA/A1/CMakeFiles/CMakeTmp/CMAKE_TRY_COMPILE.build/Debug/cmTryCompileExec3637359197.build/Objects-normal/x86_64
write-file /Users/sunardi/Term8/Computational\ Fabrication/PA/A1/CMakeFiles/CMakeTmp/CMAKE_TRY_COMPILE.build/Debug/cmTryCompileExec3637359197.build/Objects-normal/x86_64/cmTryCompileExec3637359197.LinkFileList

CompileC /Users/sunardi/Term8/Computational\ Fabrication/PA/A1/CMakeFiles/CMakeTmp/CMAKE_TRY_COMPILE.build/Debug/cmTryCompileExec3637359197.build/Objects-normal/x86_64/CMakeCCompilerABI.o /Users/sunardi/opt/local/share/cmake-3.0/Modules/CMakeCCompilerABI.c normal x86_64 c com.apple.compilers.llvm.clang.1_0.compiler
    cd "/Users/sunardi/Dropbox/SUTD Class/Term 8/Computational Fabrication/PA/A1/CMakeFiles/CMakeTmp"
    export LANG=en_US.US-ASCII
    /Applications/Xcode.app/Contents/Develope** BUILD FAILED **


The follr/Toolchains/XcodeDefault.xctoolchain/usr/bin/clang -x c -arch x86_64 -fmessage-length=0 -fdiagnostics-show-note-include-stack -fmacro-backtrace-limit=0 -Wno-trigraphs -fpascal-strings -O0 -Wno-missing-field-initializers -Wno-missing-prototypes -Wno-return-type -Wno-missing-braces -Wparentheses -Wswitch -Wno-unused-function -Wno-unused-label -Wno-unused-parameter -Wno-unused-variable -Wunused-value -Wno-empty-body -Wno-uninitialized -Wno-unknown-pragmas -Wno-shadow -Wno-four-char-constants -Wno-conversion -Wno-constant-conversion -Wno-int-conversion -Wno-bool-conversion -Wno-enum-conversion -Wno-shorten-64-to-32 -Wpointer-sign -Wno-newline-eof -DCMAKE_INTDIR=\"Debug\" -isysroot /Applications/Xcode.app/Contents/Developer/Platforms/MacOSX.platform/Developer/SDKs/MacOSX10.10.sdk -fasm-blocks -fstrict-aliasing -Wdeprecated-declarations -mmacosx-version-min=10.10 -g -Wno-sign-conversion -I/Users/sunardi/Term8/Computational\ Fabrication/PA/A1/CMakeFiles/CMakeTmp/Debug/include -I/Applications/Xcode.app/Contents/Deveowing builoper/Toolchains/XcodeDefault.xctoolchain/usr/include -I/Users/sunardi/Term8/Computational\ Fabrication/PA/A1/CMakeFiles/CMakeTmp/CMAKE_TRY_COMPILE.build/Debug/cmTryCompileExec3637359197.build/DerivedSources/x86_64 -I/Users/sunardi/Term8/Computational\ Fabrication/PA/A1/CMakeFiles/CMakeTmp/CMAKE_TRY_COMPILE.build/Debug/cmTryCompileExec3637359197.build/DerivedSources -Wmost -Wno-four-char-constants -Wno-unknown-pragmas -F/Users/sunardi/Term8/Computational\ Fabrication/PA/A1/CMakeFiles/CMakeTmp/Debug -MMD -MT dependencies -MF /Users/sunardi/Term8/Computational\ Fabrication/PA/A1/CMakeFiles/CMakeTmp/CMAKE_TRY_COMPILE.build/Debug/cmTryCompileExec3637359197.build/Objects-normal/x86_64/CMakeCCompilerABI.d --serialize-diagnostics /Users/sunardi/Term8/Computational\ Fabrication/PA/A1/CMakeFiles/CMakeTmp/CMAKE_TRY_COMPILE.build/Debug/cmTryCompileExec3637359197.build/Objects-normal/x86_64/CMakeCCompilerABI.dia -c /Users/sunardi/opt/local/share/cmake-3.0/Modules/CMakeCCompilerABI.c -o /Users/sunardi/Term8/Computational\ld comman Fabrication/PA/A1/CMakeFiles/CMakeTmp/CMAKE_TRY_COMPILE.build/Debug/cmTryCompileExec3637359197.build/Objects-normal/x86_64/CMakeCCompilerABI.o
clang: error: no such file or directory: '/Users/sunardi/opt/local/share/cmake-3.0/Modules/CMakeCCompilerABI.c'
clang: error: no input files

ds failed:
	CompileC /Users/sunardi/Term8/Computational\ Fabrication/PA/A1/CMakeFiles/CMakeTmp/CMAKE_TRY_COMPILE.build/Debug/cmTryCompileExec3637359197.build/Objects-normal/x86_64/CMakeCCompilerABI.o /Users/sunardi/opt/local/share/cmake-3.0/Modules/CMakeCCompilerABI.c normal x86_64 c com.apple.compilers.llvm.clang.1_0.compiler
(1 failure)



Detecting CXX compiler ABI info failed to compile with the following output:
Change Dir: /Users/sunardi/Term8/Computational Fabrication/PA/A1/CMakeFiles/CMakeTmp

Run Build Command:"/opt/local/bin/cmakexbuild" "-project" "CMAKE_TRY_COMPILE.xcodeproj" "build" "-target" "cmTryCompileExec1057092399" "-configuration" "Debug"
2015-05-16 14:20:18.025 xcodebuild[4188:378670]  DVTAssertions: Warning in /SourceCache/DVTiOSFrameworks/DVTiOSFrameworks-7536/DTDeviceKitBase/DTDKRemoteDeviceDataListener.m:79
Details:  Running against an old version of MobileDevice; some interaction with proxied devices may be unavailable.
Object:   <DTDKRemoteDeviceDataListener: 0x7f8f5bf1d960>
Method:   -listenerThreadImplementation
Thread:   <NSThread: 0x7f8f5bf1f280>{number = 2, name = (null)}
Please file a bug at http://bugreport.apple.com with this warning message and any useful information you can provide.
=== BUILD TARGET cmTryCompileExec1057092399 OF PROJECT CMAKE_TRY_COMPILE WITH CONFIGURATION Debug ===

Check dependencies

Write auxiliary files
/bin/mkdir -p /Users/sunardi/Term8/Computational\ Fabrication/PA/A1/CMakeFiles/CMakeTmp/CMAKE_TRY_COMPILE.build/Debug/cmTryCompileExec1057092399.build/Objects-normal/x86_64
write-file /Users/sunardi/Term8/Computational\ Fabrication/PA/A1/CMakeFiles/CMakeTmp/CMAKE_TRY_COMPILE.build/Debug/cmTryCompileExec1057092399.build/Objects-normal/x86_64/cmTryCompileExec1057092399.LinkFileList

CompileC /Users/sunardi/Term8/Computational\ Fabrication/PA/A1/CMakeFiles/CMakeTmp/CMAKE_TRY_COMPILE.build/Debug/cmTryCompileExec1057092399.build/Objects-normal/x86_64/CMakeCXXCompilerABI.o /Users/sunardi/opt/local/share/cmake-3.0/Modules/CMakeCXXCompilerABI.cpp normal x86_64 c++ com.apple.compilers.llvm.clang.1_0.compiler
    cd "/Users/sunardi/Dropbox/SUTD Class/Term 8/Computational Fabrication/PA/A1/CMakeFiles/CMakeTmp"
    export LANG=en_US.US-ASCII
    /Applications/Xcode.app/Contents/** BUILD FAILED **


TDeveloper/Toolchains/XcodeDefault.xctoolchain/usr/bin/clang -x c++ -arch x86_64 -fmessage-length=0 -fdiagnostics-show-note-include-stack -fmacro-backtrace-limit=0 -Wno-trigraphs -fpascal-strings -O0 -Wno-missing-field-initializers -Wno-missing-prototypes -Wno-return-type -Wno-non-virtual-dtor -Wno-overloaded-virtual -Wno-exit-time-destructors -Wno-missing-braces -Wparentheses -Wswitch -Wno-unused-function -Wno-unused-label -Wno-unused-parameter -Wno-unused-variable -Wunused-value -Wno-empty-body -Wno-uninitialized -Wno-unknown-pragmas -Wno-shadow -Wno-four-char-constants -Wno-conversion -Wno-constant-conversion -Wno-int-conversion -Wno-bool-conversion -Wno-enum-conversion -Wno-shorten-64-to-32 -Wno-newline-eof -Wno-c++11-extensions -DCMAKE_INTDIR=\"Debug\" -isysroot /Applications/Xcode.app/Contents/Developer/Platforms/MacOSX.platform/Developer/SDKs/MacOSX10.10.sdk -fasm-blocks -fstrict-aliasing -Wdeprecated-declarations -Winvalid-offsetof -mmacosx-version-min=10.10 -Wno-sign-conversion -I/Users/sunardi/Term8/he followinComputational\ Fabrication/PA/A1/CMakeFiles/CMakeTmp/Debug/include -I/Applications/Xcode.app/Contents/Developer/Toolchains/XcodeDefault.xctoolchain/usr/include -I/Users/sunardi/Term8/Computational\ Fabrication/PA/A1/CMakeFiles/CMakeTmp/CMAKE_TRY_COMPILE.build/Debug/cmTryCompileExec1057092399.build/DerivedSources/x86_64 -I/Users/sunardi/Term8/Computational\ Fabrication/PA/A1/CMakeFiles/CMakeTmp/CMAKE_TRY_COMPILE.build/Debug/cmTryCompileExec1057092399.build/DerivedSources -Wmost -Wno-four-char-constants -Wno-unknown-pragmas -F/Users/sunardi/Term8/Computational\ Fabrication/PA/A1/CMakeFiles/CMakeTmp/Debug -g -MMD -MT dependencies -MF /Users/sunardi/Term8/Computational\ Fabrication/PA/A1/CMakeFiles/CMakeTmp/CMAKE_TRY_COMPILE.build/Debug/cmTryCompileExec1057092399.build/Objects-normal/x86_64/CMakeCXXCompilerABI.d --serialize-diagnostics /Users/sunardi/Term8/Computational\ Fabrication/PA/A1/CMakeFiles/CMakeTmp/CMAKE_TRY_COMPILE.build/Debug/cmTryCompileExec1057092399.build/Objects-normal/x86_64/CMakeCXXCompilerABI.dg build cia -c /Users/sunardi/opt/local/share/cmake-3.0/Modules/CMakeCXXCompilerABI.cpp -o /Users/sunardi/Term8/Computational\ Fabrication/PA/A1/CMakeFiles/CMakeTmp/CMAKE_TRY_COMPILE.build/Debug/cmTryCompileExec1057092399.build/Objects-normal/x86_64/CMakeCXXCompilerABI.o
clang: error: no such file or directory: '/Users/sunardi/opt/local/share/cmake-3.0/Modules/CMakeCXXCompilerABI.cpp'
clang: error: no input files

ommands failed:
	CompileC /Users/sunardi/Term8/Computational\ Fabrication/PA/A1/CMakeFiles/CMakeTmp/CMAKE_TRY_COMPILE.build/Debug/cmTryCompileExec1057092399.build/Objects-normal/x86_64/CMakeCXXCompilerABI.o /Users/sunardi/opt/local/share/cmake-3.0/Modules/CMakeCXXCompilerABI.cpp normal x86_64 c++ com.apple.compilers.llvm.clang.1_0.compiler
(1 failure)



